  [1m[35m (0.6ms)[0m  [1m[34mSELECT pg_try_advisory_lock(8277932024918942610)[0m
  [1m[36mActiveRecord::SchemaMigration Pluck (1.3ms)[0m  [1m[34mSELECT "schema_migrations"."version" FROM "schema_migrations" ORDER BY "schema_migrations"."version" ASC[0m
Migrating to AddDeviseToUsers (20221115150913)
  [1m[36mTRANSACTION (0.4ms)[0m  [1m[35mBEGIN[0m
  [1m[35m (20.9ms)[0m  [1m[35mALTER TABLE "users" ADD "email" character varying DEFAULT '' NOT NULL[0m
  [1m[35m (1.3ms)[0m  [1m[35mALTER TABLE "users" ADD "encrypted_password" character varying DEFAULT '' NOT NULL[0m
  [1m[35m (0.8ms)[0m  [1m[35mALTER TABLE "users" ADD "reset_password_token" character varying[0m
  [1m[35m (0.8ms)[0m  [1m[35mALTER TABLE "users" ADD "reset_password_sent_at" timestamp(6)[0m
  [1m[35m (0.7ms)[0m  [1m[35mALTER TABLE "users" ADD "remember_created_at" timestamp(6)[0m
  [1m[35m (80.4ms)[0m  [1m[35mCREATE UNIQUE INDEX "index_users_on_email" ON "users" ("email")[0m
  [1m[35m (231.3ms)[0m  [1m[35mCREATE UNIQUE INDEX "index_users_on_reset_password_token" ON "users" ("reset_password_token")[0m
  [1m[36mActiveRecord::SchemaMigration Create (1.0ms)[0m  [1m[32mINSERT INTO "schema_migrations" ("version") VALUES ($1) RETURNING "version"[0m  [["version", "20221115150913"]]
  [1m[36mTRANSACTION (350.3ms)[0m  [1m[35mCOMMIT[0m
  [1m[36mActiveRecord::InternalMetadata Load (1.2ms)[0m  [1m[34mSELECT "ar_internal_metadata".* FROM "ar_internal_metadata" WHERE "ar_internal_metadata"."key" = $1 LIMIT $2[0m  [["key", "environment"], ["LIMIT", 1]]
  [1m[35m (1.0ms)[0m  [1m[34mSELECT pg_advisory_unlock(8277932024918942610)[0m
  [1m[36mActiveRecord::SchemaMigration Pluck (1.0ms)[0m  [1m[34mSELECT "schema_migrations"."version" FROM "schema_migrations" ORDER BY "schema_migrations"."version" ASC[0m
Started GET "/" for 127.0.0.1 at 2022-11-15 10:15:03 -0500
  [1m[36mActiveRecord::SchemaMigration Pluck (2.1ms)[0m  [1m[34mSELECT "schema_migrations"."version" FROM "schema_migrations" ORDER BY "schema_migrations"."version" ASC[0m
Processing by Rails::WelcomeController#index as HTML
  Rendering /home/ijeoma/.rbenv/versions/3.1.2/lib/ruby/gems/3.1.0/gems/railties-7.0.4/lib/rails/templates/rails/welcome/index.html.erb
  Rendered /home/ijeoma/.rbenv/versions/3.1.2/lib/ruby/gems/3.1.0/gems/railties-7.0.4/lib/rails/templates/rails/welcome/index.html.erb (Duration: 4.4ms | Allocations: 633)
Completed 200 OK in 56ms (Views: 17.8ms | ActiveRecord: 0.0ms | Allocations: 5171)


Started GET "/new/user/session" for 127.0.0.1 at 2022-11-15 10:17:34 -0500
  
ActionController::RoutingError (No route matches [GET] "/new/user/session"):
  
Started GET "/new/user/password" for 127.0.0.1 at 2022-11-15 10:17:58 -0500
  
ActionController::RoutingError (No route matches [GET] "/new/user/password"):
  
Started GET "/user/session" for 127.0.0.1 at 2022-11-15 10:18:20 -0500
  
ActionController::RoutingError (No route matches [GET] "/user/session"):
  
Started GET "/user/sign_in" for 127.0.0.1 at 2022-11-15 10:18:59 -0500
  
ActionController::RoutingError (No route matches [GET] "/user/sign_in"):
  
Started GET "/users/sign_in" for 127.0.0.1 at 2022-11-15 10:19:28 -0500
Processing by Devise::SessionsController#new as HTML
  Rendering layout layouts/application.html.erb
  Rendering /home/ijeoma/.rbenv/versions/3.1.2/lib/ruby/gems/3.1.0/gems/devise-4.8.1/app/views/devise/sessions/new.html.erb within layouts/application
  Rendered /home/ijeoma/.rbenv/versions/3.1.2/lib/ruby/gems/3.1.0/gems/devise-4.8.1/app/views/devise/shared/_links.html.erb (Duration: 4.2ms | Allocations: 725)
  Rendered /home/ijeoma/.rbenv/versions/3.1.2/lib/ruby/gems/3.1.0/gems/devise-4.8.1/app/views/devise/sessions/new.html.erb within layouts/application (Duration: 136.1ms | Allocations: 7744)
  Rendered layout layouts/application.html.erb (Duration: 806.8ms | Allocations: 124857)
Completed 200 OK in 886ms (Views: 809.7ms | ActiveRecord: 6.4ms | Allocations: 133004)


Started GET "/users/sign_up" for 127.0.0.1 at 2022-11-15 10:19:36 -0500
Processing by Devise::RegistrationsController#new as HTML
  Rendering layout layouts/application.html.erb
  Rendering /home/ijeoma/.rbenv/versions/3.1.2/lib/ruby/gems/3.1.0/gems/devise-4.8.1/app/views/devise/registrations/new.html.erb within layouts/application
  Rendered /home/ijeoma/.rbenv/versions/3.1.2/lib/ruby/gems/3.1.0/gems/devise-4.8.1/app/views/devise/shared/_error_messages.html.erb (Duration: 1.3ms | Allocations: 216)
  Rendered /home/ijeoma/.rbenv/versions/3.1.2/lib/ruby/gems/3.1.0/gems/devise-4.8.1/app/views/devise/shared/_links.html.erb (Duration: 0.8ms | Allocations: 153)
  Rendered /home/ijeoma/.rbenv/versions/3.1.2/lib/ruby/gems/3.1.0/gems/devise-4.8.1/app/views/devise/registrations/new.html.erb within layouts/application (Duration: 10.1ms | Allocations: 2218)
  Rendered layout layouts/application.html.erb (Duration: 19.8ms | Allocations: 5280)
Completed 200 OK in 25ms (Views: 22.9ms | ActiveRecord: 0.0ms | Allocations: 6563)


Started POST "/users" for 127.0.0.1 at 2022-11-15 10:19:59 -0500
Processing by Devise::RegistrationsController#create as HTML
  Parameters: {"authenticity_token"=>"[FILTERED]", "user"=>{"email"=>"ijeoma@example.com", "password"=>"[FILTERED]", "password_confirmation"=>"[FILTERED]"}, "commit"=>"Sign up"}
  [1m[36mTRANSACTION (0.4ms)[0m  [1m[35mBEGIN[0m
  [1m[36mUser Exists? (2.1ms)[0m  [1m[34mSELECT 1 AS one FROM "users" WHERE "users"."email" = $1 LIMIT $2[0m  [["email", "ijeoma@example.com"], ["LIMIT", 1]]
  [1m[36mUser Create (1.5ms)[0m  [1m[32mINSERT INTO "users" ("name", "created_at", "updated_at", "email", "encrypted_password", "reset_password_token", "reset_password_sent_at", "remember_created_at") VALUES ($1, $2, $3, $4, $5, $6, $7, $8) RETURNING "id"[0m  [["name", nil], ["created_at", "2022-11-15 15:19:59.861211"], ["updated_at", "2022-11-15 15:19:59.861211"], ["email", "ijeoma@example.com"], ["encrypted_password", "[FILTERED]"], ["reset_password_token", "[FILTERED]"], ["reset_password_sent_at", "[FILTERED]"], ["remember_created_at", nil]]
  [1m[36mTRANSACTION (66.5ms)[0m  [1m[35mCOMMIT[0m
Redirected to http://127.0.0.1:3000/
Completed 302 Found in 644ms (ActiveRecord: 70.5ms | Allocations: 10881)


Started GET "/" for 127.0.0.1 at 2022-11-15 10:19:59 -0500
Processing by Rails::WelcomeController#index as HTML
  Rendering /home/ijeoma/.rbenv/versions/3.1.2/lib/ruby/gems/3.1.0/gems/railties-7.0.4/lib/rails/templates/rails/welcome/index.html.erb
  Rendered /home/ijeoma/.rbenv/versions/3.1.2/lib/ruby/gems/3.1.0/gems/railties-7.0.4/lib/rails/templates/rails/welcome/index.html.erb (Duration: 1.2ms | Allocations: 295)
Completed 200 OK in 4ms (Views: 3.1ms | ActiveRecord: 0.0ms | Allocations: 911)


Started GET "/users/sign_in" for 127.0.0.1 at 2022-11-15 10:20:18 -0500
Processing by Devise::SessionsController#new as HTML
  [1m[36mUser Load (0.7ms)[0m  [1m[34mSELECT "users".* FROM "users" WHERE "users"."id" = $1 ORDER BY "users"."id" ASC LIMIT $2[0m  [["id", 1], ["LIMIT", 1]]
Redirected to http://127.0.0.1:3000/
Filter chain halted as :require_no_authentication rendered or redirected
Completed 302 Found in 13ms (ActiveRecord: 1.2ms | Allocations: 2122)


Started GET "/" for 127.0.0.1 at 2022-11-15 10:20:18 -0500
Processing by Rails::WelcomeController#index as HTML
  Rendering /home/ijeoma/.rbenv/versions/3.1.2/lib/ruby/gems/3.1.0/gems/railties-7.0.4/lib/rails/templates/rails/welcome/index.html.erb
  Rendered /home/ijeoma/.rbenv/versions/3.1.2/lib/ruby/gems/3.1.0/gems/railties-7.0.4/lib/rails/templates/rails/welcome/index.html.erb (Duration: 0.2ms | Allocations: 15)
Completed 200 OK in 2ms (Views: 1.0ms | ActiveRecord: 0.0ms | Allocations: 245)


Started GET "/users/sign_in" for 127.0.0.1 at 2022-11-15 10:20:28 -0500
Processing by Devise::SessionsController#new as HTML
  [1m[36mUser Load (0.8ms)[0m  [1m[34mSELECT "users".* FROM "users" WHERE "users"."id" = $1 ORDER BY "users"."id" ASC LIMIT $2[0m  [["id", 1], ["LIMIT", 1]]
Redirected to http://127.0.0.1:3000/
Filter chain halted as :require_no_authentication rendered or redirected
Completed 302 Found in 17ms (ActiveRecord: 0.8ms | Allocations: 1507)


Started GET "/" for 127.0.0.1 at 2022-11-15 10:20:28 -0500
Processing by Rails::WelcomeController#index as HTML
  Rendering /home/ijeoma/.rbenv/versions/3.1.2/lib/ruby/gems/3.1.0/gems/railties-7.0.4/lib/rails/templates/rails/welcome/index.html.erb
  Rendered /home/ijeoma/.rbenv/versions/3.1.2/lib/ruby/gems/3.1.0/gems/railties-7.0.4/lib/rails/templates/rails/welcome/index.html.erb (Duration: 0.1ms | Allocations: 15)
Completed 200 OK in 2ms (Views: 1.4ms | ActiveRecord: 0.0ms | Allocations: 221)


Started GET "/users/sign_in" for 127.0.0.1 at 2022-11-15 10:21:21 -0500
Processing by Devise::SessionsController#new as HTML
  [1m[36mUser Load (0.7ms)[0m  [1m[34mSELECT "users".* FROM "users" WHERE "users"."id" = $1 ORDER BY "users"."id" ASC LIMIT $2[0m  [["id", 1], ["LIMIT", 1]]
Redirected to http://127.0.0.1:3000/
Filter chain halted as :require_no_authentication rendered or redirected
Completed 302 Found in 10ms (ActiveRecord: 0.7ms | Allocations: 1491)


Started GET "/" for 127.0.0.1 at 2022-11-15 10:21:21 -0500
Processing by Rails::WelcomeController#index as HTML
  Rendering /home/ijeoma/.rbenv/versions/3.1.2/lib/ruby/gems/3.1.0/gems/railties-7.0.4/lib/rails/templates/rails/welcome/index.html.erb
  Rendered /home/ijeoma/.rbenv/versions/3.1.2/lib/ruby/gems/3.1.0/gems/railties-7.0.4/lib/rails/templates/rails/welcome/index.html.erb (Duration: 0.2ms | Allocations: 15)
Completed 200 OK in 2ms (Views: 1.4ms | ActiveRecord: 0.0ms | Allocations: 221)


Started GET "/" for 127.0.0.1 at 2022-11-15 11:18:32 -0500
  [1m[36mActiveRecord::SchemaMigration Pluck (1.2ms)[0m  [1m[34mSELECT "schema_migrations"."version" FROM "schema_migrations" ORDER BY "schema_migrations"."version" ASC[0m
Processing by Rails::WelcomeController#index as HTML
  Rendering /home/ijeoma/.rbenv/versions/3.1.2/lib/ruby/gems/3.1.0/gems/railties-7.0.4/lib/rails/templates/rails/welcome/index.html.erb
  Rendered /home/ijeoma/.rbenv/versions/3.1.2/lib/ruby/gems/3.1.0/gems/railties-7.0.4/lib/rails/templates/rails/welcome/index.html.erb (Duration: 3.6ms | Allocations: 525)
Completed 200 OK in 20ms (Views: 9.5ms | ActiveRecord: 0.0ms | Allocations: 3830)


Started GET "/recipes/new" for 127.0.0.1 at 2022-11-15 11:18:47 -0500
Processing by RecipesController#new as HTML
  Rendering layout layouts/application.html.erb
  Rendering recipes/new.html.erb within layouts/application
  Rendered recipes/_form.html.erb (Duration: 191.5ms | Allocations: 5631)
  Rendered recipes/new.html.erb within layouts/application (Duration: 194.0ms | Allocations: 6008)
  Rendered layout layouts/application.html.erb (Duration: 209.2ms | Allocations: 9127)
Completed 500 Internal Server Error in 259ms (ActiveRecord: 8.6ms | Allocations: 17155)


  
ActionView::Template::Error (The asset "application.css" is not present in the asset pipeline.
):
     6:     <%= csrf_meta_tags %>
     7:     <%= csp_meta_tag %>
     8: 
     9:     <%= stylesheet_link_tag "application", "data-turbo-track": "reload" %>
    10:     <%= javascript_importmap_tags %>
    11:   </head>
    12: 
  
app/views/layouts/application.html.erb:9
Started GET "/" for 127.0.0.1 at 2022-11-15 11:40:54 -0500
  [1m[36mActiveRecord::SchemaMigration Pluck (0.8ms)[0m  [1m[34mSELECT "schema_migrations"."version" FROM "schema_migrations" ORDER BY "schema_migrations"."version" ASC[0m
Processing by Rails::WelcomeController#index as HTML
  Rendering /home/ijeoma/.rbenv/versions/3.1.2/lib/ruby/gems/3.1.0/gems/railties-7.0.4/lib/rails/templates/rails/welcome/index.html.erb
  Rendered /home/ijeoma/.rbenv/versions/3.1.2/lib/ruby/gems/3.1.0/gems/railties-7.0.4/lib/rails/templates/rails/welcome/index.html.erb (Duration: 3.1ms | Allocations: 525)
Completed 200 OK in 25ms (Views: 15.1ms | ActiveRecord: 0.0ms | Allocations: 3830)


Started GET "/recipes/new" for 127.0.0.1 at 2022-11-15 11:41:11 -0500
Processing by RecipesController#new as HTML
  Rendering layout layouts/application.html.erb
  Rendering recipes/new.html.erb within layouts/application
  Rendered recipes/_form.html.erb (Duration: 28.4ms | Allocations: 5241)
  Rendered recipes/new.html.erb within layouts/application (Duration: 32.0ms | Allocations: 5618)
  Rendered layout layouts/application.html.erb (Duration: 41.2ms | Allocations: 8129)
Completed 200 OK in 92ms (Views: 45.0ms | ActiveRecord: 9.8ms | Allocations: 16165)


Started POST "/recipes" for 127.0.0.1 at 2022-11-15 11:41:18 -0500
Processing by RecipesController#create as HTML
  Parameters: {"authenticity_token"=>"[FILTERED]", "recipe"=>{"name"=>"", "preparation_time"=>"", "cooking_time"=>"", "description"=>"", "public"=>"0"}, "commit"=>"Create Recipe"}
  [1m[36mUser Load (0.9ms)[0m  [1m[34mSELECT "users".* FROM "users" WHERE "users"."id" = $1 ORDER BY "users"."id" ASC LIMIT $2[0m  [["id", 1], ["LIMIT", 1]]
  ↳ app/controllers/recipes_controller.rb:24:in `create'
Completed 500 Internal Server Error in 61ms (ActiveRecord: 14.3ms | Allocations: 11721)


  
NameError (undefined local variable or method `user' for #<RecipesController:0x0000000000def8>

    @recipe.user = user
                   ^^^^
Did you mean?  @user):
  
app/controllers/recipes_controller.rb:26:in `create'
Started GET "/" for ::1 at 2022-11-15 11:46:43 -0500
  [1m[36mActiveRecord::SchemaMigration Pluck (10.4ms)[0m  [1m[34mSELECT "schema_migrations"."version" FROM "schema_migrations" ORDER BY "schema_migrations"."version" ASC[0m
Processing by Rails::WelcomeController#index as HTML
  Rendering /home/ijeoma/.rbenv/versions/3.1.2/lib/ruby/gems/3.1.0/gems/railties-7.0.4/lib/rails/templates/rails/welcome/index.html.erb
  Rendered /home/ijeoma/.rbenv/versions/3.1.2/lib/ruby/gems/3.1.0/gems/railties-7.0.4/lib/rails/templates/rails/welcome/index.html.erb (Duration: 4.5ms | Allocations: 525)
Completed 200 OK in 30ms (Views: 9.8ms | ActiveRecord: 0.0ms | Allocations: 3830)


Started GET "/users/sign_in" for ::1 at 2022-11-15 11:47:19 -0500
Processing by Devise::SessionsController#new as HTML
  Rendering layout layouts/application.html.erb
  Rendering /home/ijeoma/.rbenv/versions/3.1.2/lib/ruby/gems/3.1.0/gems/devise-4.8.1/app/views/devise/sessions/new.html.erb within layouts/application
  Rendered /home/ijeoma/.rbenv/versions/3.1.2/lib/ruby/gems/3.1.0/gems/devise-4.8.1/app/views/devise/shared/_links.html.erb (Duration: 6.5ms | Allocations: 733)
  Rendered /home/ijeoma/.rbenv/versions/3.1.2/lib/ruby/gems/3.1.0/gems/devise-4.8.1/app/views/devise/sessions/new.html.erb within layouts/application (Duration: 26.9ms | Allocations: 5163)
  Rendered layout layouts/application.html.erb (Duration: 32.6ms | Allocations: 7601)
Completed 200 OK in 85ms (Views: 37.2ms | ActiveRecord: 9.1ms | Allocations: 15663)


Started GET "/users/sign_up" for ::1 at 2022-11-15 11:47:24 -0500
Processing by Devise::RegistrationsController#new as HTML
  Rendering layout layouts/application.html.erb
  Rendering /home/ijeoma/.rbenv/versions/3.1.2/lib/ruby/gems/3.1.0/gems/devise-4.8.1/app/views/devise/registrations/new.html.erb within layouts/application
  Rendered /home/ijeoma/.rbenv/versions/3.1.2/lib/ruby/gems/3.1.0/gems/devise-4.8.1/app/views/devise/shared/_error_messages.html.erb (Duration: 2.2ms | Allocations: 217)
  Rendered /home/ijeoma/.rbenv/versions/3.1.2/lib/ruby/gems/3.1.0/gems/devise-4.8.1/app/views/devise/shared/_links.html.erb (Duration: 0.9ms | Allocations: 153)
  Rendered /home/ijeoma/.rbenv/versions/3.1.2/lib/ruby/gems/3.1.0/gems/devise-4.8.1/app/views/devise/registrations/new.html.erb within layouts/application (Duration: 11.7ms | Allocations: 2216)
  Rendered layout layouts/application.html.erb (Duration: 14.5ms | Allocations: 2947)
Completed 200 OK in 22ms (Views: 18.7ms | ActiveRecord: 0.0ms | Allocations: 4239)


Started POST "/users" for ::1 at 2022-11-15 11:48:14 -0500
Processing by Devise::RegistrationsController#create as HTML
  Parameters: {"authenticity_token"=>"[FILTERED]", "user"=>{"email"=>"ijeoma@example.com", "password"=>"[FILTERED]", "password_confirmation"=>"[FILTERED]"}, "commit"=>"Sign up"}
  [1m[36mTRANSACTION (0.2ms)[0m  [1m[35mBEGIN[0m
  [1m[36mUser Exists? (1.0ms)[0m  [1m[34mSELECT 1 AS one FROM "users" WHERE "users"."email" = $1 LIMIT $2[0m  [["email", "ijeoma@example.com"], ["LIMIT", 1]]
  [1m[36mTRANSACTION (0.3ms)[0m  [1m[31mROLLBACK[0m
  Rendering layout layouts/application.html.erb
  Rendering /home/ijeoma/.rbenv/versions/3.1.2/lib/ruby/gems/3.1.0/gems/devise-4.8.1/app/views/devise/registrations/new.html.erb within layouts/application
  Rendered /home/ijeoma/.rbenv/versions/3.1.2/lib/ruby/gems/3.1.0/gems/devise-4.8.1/app/views/devise/shared/_error_messages.html.erb (Duration: 3.4ms | Allocations: 1055)
  Rendered /home/ijeoma/.rbenv/versions/3.1.2/lib/ruby/gems/3.1.0/gems/devise-4.8.1/app/views/devise/shared/_links.html.erb (Duration: 0.3ms | Allocations: 79)
  Rendered /home/ijeoma/.rbenv/versions/3.1.2/lib/ruby/gems/3.1.0/gems/devise-4.8.1/app/views/devise/registrations/new.html.erb within layouts/application (Duration: 10.9ms | Allocations: 3493)
  Rendered layout layouts/application.html.erb (Duration: 12.8ms | Allocations: 4135)
Completed 200 OK in 478ms (Views: 13.8ms | ActiveRecord: 1.6ms | Allocations: 12686)


Started GET "/users/sign_in" for ::1 at 2022-11-15 11:48:35 -0500
Processing by Devise::SessionsController#new as HTML
  Rendering layout layouts/application.html.erb
  Rendering /home/ijeoma/.rbenv/versions/3.1.2/lib/ruby/gems/3.1.0/gems/devise-4.8.1/app/views/devise/sessions/new.html.erb within layouts/application
  Rendered /home/ijeoma/.rbenv/versions/3.1.2/lib/ruby/gems/3.1.0/gems/devise-4.8.1/app/views/devise/shared/_links.html.erb (Duration: 0.6ms | Allocations: 131)
  Rendered /home/ijeoma/.rbenv/versions/3.1.2/lib/ruby/gems/3.1.0/gems/devise-4.8.1/app/views/devise/sessions/new.html.erb within layouts/application (Duration: 3.8ms | Allocations: 1226)
  Rendered layout layouts/application.html.erb (Duration: 6.1ms | Allocations: 1829)
Completed 200 OK in 9ms (Views: 7.1ms | ActiveRecord: 0.0ms | Allocations: 2515)


Started POST "/users/sign_in" for ::1 at 2022-11-15 11:48:49 -0500
Processing by Devise::SessionsController#create as HTML
  Parameters: {"authenticity_token"=>"[FILTERED]", "user"=>{"email"=>"ijeoma@example.com", "password"=>"[FILTERED]", "remember_me"=>"0"}, "commit"=>"Log in"}
  [1m[36mUser Load (0.5ms)[0m  [1m[34mSELECT "users".* FROM "users" WHERE "users"."email" = $1 ORDER BY "users"."id" ASC LIMIT $2[0m  [["email", "ijeoma@example.com"], ["LIMIT", 1]]
Redirected to http://[::1]:3000/
Completed 302 Found in 527ms (ActiveRecord: 1.1ms | Allocations: 8455)


Started GET "/" for ::1 at 2022-11-15 11:48:49 -0500
Processing by Rails::WelcomeController#index as HTML
  Rendering /home/ijeoma/.rbenv/versions/3.1.2/lib/ruby/gems/3.1.0/gems/railties-7.0.4/lib/rails/templates/rails/welcome/index.html.erb
  Rendered /home/ijeoma/.rbenv/versions/3.1.2/lib/ruby/gems/3.1.0/gems/railties-7.0.4/lib/rails/templates/rails/welcome/index.html.erb (Duration: 1.6ms | Allocations: 299)
Completed 200 OK in 5ms (Views: 3.3ms | ActiveRecord: 0.0ms | Allocations: 918)


Started GET "/" for 127.0.0.1 at 2022-11-15 11:53:05 -0500
  [1m[36mActiveRecord::SchemaMigration Pluck (1.3ms)[0m  [1m[34mSELECT "schema_migrations"."version" FROM "schema_migrations" ORDER BY "schema_migrations"."version" ASC[0m
Processing by RecipesController#index as HTML
  Rendering layout layouts/application.html.erb
  Rendering recipes/index.html.erb within layouts/application
  [1m[36mRecipe Load (7.9ms)[0m  [1m[34mSELECT "recipes".* FROM "recipes"[0m
  ↳ app/views/recipes/index.html.erb:6
  Rendered recipes/index.html.erb within layouts/application (Duration: 23.5ms | Allocations: 1899)
  Rendered layout layouts/application.html.erb (Duration: 31.7ms | Allocations: 4428)
Completed 200 OK in 61ms (Views: 30.0ms | ActiveRecord: 7.9ms | Allocations: 9463)


Started GET "/recipes/new" for 127.0.0.1 at 2022-11-15 11:53:14 -0500
Processing by RecipesController#new as HTML
  Rendering layout layouts/application.html.erb
  Rendering recipes/new.html.erb within layouts/application
  Rendered recipes/_form.html.erb (Duration: 23.0ms | Allocations: 4975)
  Rendered recipes/new.html.erb within layouts/application (Duration: 26.1ms | Allocations: 5326)
  Rendered layout layouts/application.html.erb (Duration: 28.1ms | Allocations: 5994)
Completed 200 OK in 70ms (Views: 30.4ms | ActiveRecord: 9.6ms | Allocations: 11831)


Started GET "/recipes/new" for 127.0.0.1 at 2022-11-15 11:53:47 -0500
Processing by RecipesController#new as HTML
  Rendering layout layouts/application.html.erb
  Rendering recipes/new.html.erb within layouts/application
  Rendered recipes/_form.html.erb (Duration: 9.4ms | Allocations: 1765)
  Rendered recipes/new.html.erb within layouts/application (Duration: 10.2ms | Allocations: 1856)
  Rendered layout layouts/application.html.erb (Duration: 13.6ms | Allocations: 2480)
Completed 200 OK in 19ms (Views: 16.7ms | ActiveRecord: 0.0ms | Allocations: 2802)


Started GET "/" for 127.0.0.1 at 2022-11-15 12:04:58 -0500
  [1m[36mActiveRecord::SchemaMigration Pluck (3.9ms)[0m  [1m[34mSELECT "schema_migrations"."version" FROM "schema_migrations" ORDER BY "schema_migrations"."version" ASC[0m
Processing by RecipesController#index as HTML
  Rendering layout layouts/application.html.erb
  Rendering recipes/index.html.erb within layouts/application
  [1m[36mRecipe Load (0.9ms)[0m  [1m[34mSELECT "recipes".* FROM "recipes"[0m
  ↳ app/views/recipes/index.html.erb:6
  Rendered recipes/index.html.erb within layouts/application (Duration: 20.2ms | Allocations: 1902)
  Rendered layout layouts/application.html.erb (Duration: 37.0ms | Allocations: 7575)
Completed 500 Internal Server Error in 76ms (ActiveRecord: 0.9ms | Allocations: 12573)


  
ActionView::Template::Error (Missing partial recipes/_navbar, application/_navbar with {:locale=>[:en], :formats=>[:html], :variants=>[], :handlers=>[:raw, :erb, :html, :builder, :ruby, :jbuilder]}.

Searched in:
  * "/home/ijeoma/recipe-app/app/views"
  * "/home/ijeoma/.rbenv/versions/3.1.2/lib/ruby/gems/3.1.0/gems/devise-4.8.1/app/views"
  * "/home/ijeoma/.rbenv/versions/3.1.2/lib/ruby/gems/3.1.0/gems/actiontext-7.0.4/app/views"
  * "/home/ijeoma/.rbenv/versions/3.1.2/lib/ruby/gems/3.1.0/gems/actionmailbox-7.0.4/app/views"

Did you mean?  layouts/navbar
               recipes/form
               recipes/recipe
               recipe_foods/recipe_food
               recipe_foods/form
               users/user):
    11:   </head>
    12: 
    13:   <body>
    14:   <%= render 'navbar' %>
    15:   <p class="notice"><%= notice %></p>
    16:        <p class="alert"><%= alert %></p>
    17:     <%= yield %>
  
app/views/layouts/application.html.erb:14
Started GET "/" for 127.0.0.1 at 2022-11-15 12:06:04 -0500
Processing by RecipesController#index as HTML
  Rendering layout layouts/application.html.erb
  Rendering recipes/index.html.erb within layouts/application
  [1m[36mRecipe Load (0.5ms)[0m  [1m[34mSELECT "recipes".* FROM "recipes"[0m
  ↳ app/views/recipes/index.html.erb:6
  Rendered recipes/index.html.erb within layouts/application (Duration: 7.0ms | Allocations: 1234)
  Rendered layouts/_navbar.html.erb (Duration: 0.7ms | Allocations: 98)
  Rendered layout layouts/application.html.erb (Duration: 17.1ms | Allocations: 2419)
Completed 200 OK in 24ms (Views: 21.0ms | ActiveRecord: 0.5ms | Allocations: 3364)


Started GET "/" for 127.0.0.1 at 2022-11-15 12:10:51 -0500
Processing by RecipesController#index as HTML
  Rendering layout layouts/application.html.erb
  Rendering recipes/index.html.erb within layouts/application
  [1m[36mRecipe Load (2.6ms)[0m  [1m[34mSELECT "recipes".* FROM "recipes"[0m
  ↳ app/views/recipes/index.html.erb:6
  Rendered recipes/index.html.erb within layouts/application (Duration: 8.9ms | Allocations: 776)
  Rendered layouts/_navbar.html.erb (Duration: 0.1ms | Allocations: 9)
  Rendered layout layouts/application.html.erb (Duration: 11.8ms | Allocations: 1454)
Completed 200 OK in 16ms (Views: 12.9ms | ActiveRecord: 2.6ms | Allocations: 1759)


Started GET "/recipes/new" for 127.0.0.1 at 2022-11-15 12:11:45 -0500
Processing by RecipesController#new as HTML
  Rendering layout layouts/application.html.erb
  Rendering recipes/new.html.erb within layouts/application
  Rendered recipes/_form.html.erb (Duration: 24.1ms | Allocations: 4986)
  Rendered recipes/new.html.erb within layouts/application (Duration: 29.9ms | Allocations: 5317)
  Rendered layouts/_navbar.html.erb (Duration: 0.1ms | Allocations: 10)
  Rendered layout layouts/application.html.erb (Duration: 33.8ms | Allocations: 6062)
Completed 200 OK in 108ms (Views: 34.7ms | ActiveRecord: 11.4ms | Allocations: 16751)


Started POST "/recipes" for 127.0.0.1 at 2022-11-15 12:11:51 -0500
Processing by RecipesController#create as HTML
  Parameters: {"authenticity_token"=>"[FILTERED]", "recipe"=>{"name"=>"", "preparation_time"=>"", "cooking_time"=>"", "description"=>"", "public"=>"0"}, "commit"=>"Create Recipe"}
  [1m[36mUser Load (0.8ms)[0m  [1m[34mSELECT "users".* FROM "users" WHERE "users"."id" = $1 ORDER BY "users"."id" ASC LIMIT $2[0m  [["id", 1], ["LIMIT", 1]]
  ↳ app/controllers/recipes_controller.rb:24:in `create'
Completed 500 Internal Server Error in 59ms (ActiveRecord: 6.5ms | Allocations: 11648)


  
NameError (undefined local variable or method `user' for #<RecipesController:0x0000000000e308>

    @recipe.user = user
                   ^^^^
Did you mean?  @user):
  
app/controllers/recipes_controller.rb:26:in `create'
Started POST "/recipes" for 127.0.0.1 at 2022-11-15 12:12:39 -0500
Processing by RecipesController#create as HTML
  Parameters: {"authenticity_token"=>"[FILTERED]", "recipe"=>{"name"=>"Fried RIce", "preparation_time"=>"12:14", "cooking_time"=>"12:14", "description"=>"hello", "public"=>"1"}, "commit"=>"Create Recipe"}
  [1m[36mUser Load (0.5ms)[0m  [1m[34mSELECT "users".* FROM "users" WHERE "users"."id" = $1 ORDER BY "users"."id" ASC LIMIT $2[0m  [["id", 1], ["LIMIT", 1]]
  ↳ app/controllers/recipes_controller.rb:24:in `create'
Completed 500 Internal Server Error in 39ms (ActiveRecord: 0.5ms | Allocations: 5199)


  
NameError (undefined local variable or method `user' for #<RecipesController:0x0000000000e718>

    @recipe.user = user
                   ^^^^
Did you mean?  @user):
  
app/controllers/recipes_controller.rb:26:in `create'
Started GET "/foods" for 127.0.0.1 at 2022-11-15 12:15:54 -0500
Processing by FoodsController#index as HTML
  [1m[36mUser Load (0.4ms)[0m  [1m[34mSELECT "users".* FROM "users" WHERE "users"."id" = $1 ORDER BY "users"."id" ASC LIMIT $2[0m  [["id", 1], ["LIMIT", 1]]
  ↳ app/controllers/foods_controller.rb:6:in `index'
  Rendering layout layouts/application.html.erb
  Rendering foods/index.html.erb within layouts/application
  Rendered foods/index.html.erb within layouts/application (Duration: 78.5ms | Allocations: 3868)
  Rendered layout layouts/application.html.erb (Duration: 79.2ms | Allocations: 3961)
Completed 500 Internal Server Error in 251ms (ActiveRecord: 2.8ms | Allocations: 9648)


  
ActionView::Template::Error (PG::UndefinedColumn: ERROR:  column foods.user_id does not exist
LINE 1: SELECT "foods".* FROM "foods" WHERE "foods"."user_id" = $1
                                            ^
):
     8: 
     9: <div id="foods">
    10:  
    11:     <%= render @foods %>
    12:    
    13: </div>
    14: 
  
app/views/foods/index.html.erb:11
Started GET "/foods" for 127.0.0.1 at 2022-11-15 12:17:30 -0500
Processing by FoodsController#index as HTML
  [1m[36mUser Load (0.5ms)[0m  [1m[34mSELECT "users".* FROM "users" WHERE "users"."id" = $1 ORDER BY "users"."id" ASC LIMIT $2[0m  [["id", 1], ["LIMIT", 1]]
  ↳ app/controllers/foods_controller.rb:6:in `index'
  Rendering layout layouts/application.html.erb
  Rendering foods/index.html.erb within layouts/application
  Rendered foods/index.html.erb within layouts/application (Duration: 84.5ms | Allocations: 7269)
  Rendered layout layouts/application.html.erb (Duration: 85.0ms | Allocations: 7366)
Completed 500 Internal Server Error in 96ms (ActiveRecord: 0.5ms | Allocations: 9264)


  
ActionView::Template::Error ('nil' is not an ActiveModel-compatible object. It must implement :to_partial_path.):
     8: 
     9: <div id="foods">
    10:  
    11:     <%= render @food %>
    12:    
    13: </div>
    14: 
  
app/views/foods/index.html.erb:11
Started GET "/" for 127.0.0.1 at 2022-11-15 12:20:38 -0500
  [1m[36mActiveRecord::SchemaMigration Pluck (2.0ms)[0m  [1m[34mSELECT "schema_migrations"."version" FROM "schema_migrations" ORDER BY "schema_migrations"."version" ASC[0m
Processing by RecipesController#index as HTML
  Rendering layout layouts/application.html.erb
  Rendering recipes/index.html.erb within layouts/application
  [1m[36mRecipe Load (1.0ms)[0m  [1m[34mSELECT "recipes".* FROM "recipes"[0m
  ↳ app/views/recipes/index.html.erb:6
  Rendered recipes/index.html.erb within layouts/application (Duration: 16.0ms | Allocations: 1900)
  Rendered layouts/_navbar.html.erb (Duration: 0.5ms | Allocations: 103)
  Rendered layout layouts/application.html.erb (Duration: 25.1ms | Allocations: 4717)
Completed 200 OK in 53ms (Views: 28.3ms | ActiveRecord: 1.0ms | Allocations: 9747)


Started GET "/foods" for 127.0.0.1 at 2022-11-15 12:23:06 -0500
Processing by FoodsController#index as HTML
  [1m[36mUser Load (1.0ms)[0m  [1m[34mSELECT "users".* FROM "users" WHERE "users"."id" = $1 ORDER BY "users"."id" ASC LIMIT $2[0m  [["id", 1], ["LIMIT", 1]]
  ↳ app/controllers/foods_controller.rb:6:in `index'
  Rendering layout layouts/application.html.erb
  Rendering foods/index.html.erb within layouts/application
  Rendered foods/_food.html.erb (Duration: 5.4ms | Allocations: 1596)
  Rendered foods/index.html.erb within layouts/application (Duration: 7.8ms | Allocations: 2100)
  Rendered layout layouts/application.html.erb (Duration: 8.3ms | Allocations: 2187)
Completed 500 Internal Server Error in 79ms (ActiveRecord: 13.4ms | Allocations: 14403)


  
ActionView::SyntaxErrorInTemplate (Encountered a syntax error while rendering template: check <div class="table_div">
<table class="table">
<thead>
<tr>
  <th scope="col">Food</th>
  <th scope="col">Measurement Unit</th>
  <th scope="col">Unit price</th>
  <th scope="col">Action</th>
</tr>
</thead>
<tbody>
<%= @foods.each do |food| %>
<tr>
  <td><%= food.name %> </td>
  <td><%= food.measurement %> </td>
  <td><%= food.price %> </td>
  <td>
  <ul class="link">
  <li><%= link_to "Show this food", food , class:"Btn btn-primary"%></li>
  <li><%= link_to "Delete" food, method :delete  class:"Btn delete_btn" %></li>
  </ul>
  </td>
</tr>
</tbody>
<%end%>
</table>
</div>



):
1:    <div class="table_div">
2:    <table class="table">
3:    <thead>
4:    <tr>
5:      <th scope="col">Food</th>
6:      <th scope="col">Measurement Unit</th>
7:      <th scope="col">Unit price</th>
8:      <th scope="col">Action</th>
9:    </tr>
10:    </thead>
11:    <tbody>
12:    <%= @foods.each do |food| %>
13:    <tr>
14:      <td><%= food.name %> </td>
15:      <td><%= food.measurement %> </td>
16:      <td><%= food.price %> </td>
17:      <td>
18:      <ul class="link">
19:      <li><%= link_to "Show this food", food , class:"Btn btn-primary"%></li>
20:      <li><%= link_to "Delete" food, method :delete  class:"Btn delete_btn" %></li>
21:      </ul>
22:      </td>
23:    </tr>
24:    </tbody>
25:    <%end%>
26:    </table>
27:    </div>
  
app/views/foods/_food.html.erb:20: syntax error, unexpected local variable or method, expecting ')'
app/views/foods/_food.html.erb:20: syntax error, unexpected symbol literal, expecting `do' or '{' or '('
app/views/foods/_food.html.erb:20: syntax error, unexpected ')', expecting '.' or &. or :: or '['
app/views/foods/_food.html.erb:25: syntax error, unexpected `end', expecting ')'
app/views/foods/_food.html.erb:32: syntax error, unexpected `end', expecting ')'
app/views/foods/_food.html.erb:20: syntax error, unexpected local variable or method, expecting ')'
app/views/foods/_food.html.erb:20: syntax error, unexpected symbol literal, expecting `do' or '{' or '('
app/views/foods/_food.html.erb:20: syntax error, unexpected ')', expecting '.' or &. or :: or '['
app/views/foods/_food.html.erb:25: syntax error, unexpected `end', expecting ')'
app/views/foods/_food.html.erb:32: syntax error, unexpected `end', expecting ')'
app/views/foods/_food.html.erb:20: syntax error, unexpected local variable or method, expecting ')'
app/views/foods/_food.html.erb:20: syntax error, unexpected symbol literal, expecting `do' or '{' or '('
app/views/foods/_food.html.erb:20: syntax error, unexpected ')', expecting '.' or &. or :: or '['
app/views/foods/_food.html.erb:25: syntax error, unexpected `end', expecting ')'
app/views/foods/_food.html.erb:32: syntax error, unexpected `end', expecting ')'
app/views/foods/_food.html.erb:20: syntax error, unexpected local variable or method, expecting ')'
app/views/foods/_food.html.erb:20: syntax error, unexpected symbol literal, expecting `do' or '{' or '('
app/views/foods/_food.html.erb:20: syntax error, unexpected ')', expecting '.' or &. or :: or '['
app/views/foods/_food.html.erb:25: syntax error, unexpected `end', expecting ')'
app/views/foods/_food.html.erb:32: syntax error, unexpected `end', expecting ')'
app/views/foods/_food.html.erb:20: syntax error, unexpected local variable or method, expecting ')'
app/views/foods/_food.html.erb:20: syntax error, unexpected symbol literal, expecting `do' or '{' or '('
app/views/foods/_food.html.erb:20: syntax error, unexpected ')', expecting '.' or &. or :: or '['
app/views/foods/_food.html.erb:25: syntax error, unexpected `end', expecting ')'
app/views/foods/_food.html.erb:32: syntax error, unexpected `end', expecting ')'
app/views/foods/_food.html.erb:20: syntax error, unexpected local variable or method, expecting ')'
app/views/foods/_food.html.erb:20: syntax error, unexpected symbol literal, expecting `do' or '{' or '('
app/views/foods/_food.html.erb:20: syntax error, unexpected ')', expecting '.' or &. or :: or '['
app/views/foods/_food.html.erb:25: syntax error, unexpected `end', expecting ')'
app/views/foods/_food.html.erb:32: syntax error, unexpected `end', expecting ')'
app/views/foods/index.html.erb:11
Started GET "/" for 127.0.0.1 at 2022-11-15 15:02:49 -0500
  [1m[36mActiveRecord::SchemaMigration Pluck (1.6ms)[0m  [1m[34mSELECT "schema_migrations"."version" FROM "schema_migrations" ORDER BY "schema_migrations"."version" ASC[0m
Processing by RecipesController#index as HTML
  Rendering layout layouts/application.html.erb
  Rendering recipes/index.html.erb within layouts/application
  [1m[36mRecipe Load (0.9ms)[0m  [1m[34mSELECT "recipes".* FROM "recipes"[0m
  ↳ app/views/recipes/index.html.erb:6
  Rendered recipes/index.html.erb within layouts/application (Duration: 16.9ms | Allocations: 1908)
  Rendered layouts/_navbar.html.erb (Duration: 0.8ms | Allocations: 128)
  Rendered layout layouts/application.html.erb (Duration: 24.4ms | Allocations: 4749)
Completed 200 OK in 57ms (Views: 29.7ms | ActiveRecord: 0.9ms | Allocations: 9811)


Started GET "/" for 127.0.0.1 at 2022-11-15 15:03:24 -0500
Processing by RecipesController#index as HTML
  Rendering layout layouts/application.html.erb
  Rendering recipes/index.html.erb within layouts/application
  [1m[36mRecipe Load (0.4ms)[0m  [1m[34mSELECT "recipes".* FROM "recipes"[0m
  ↳ app/views/recipes/index.html.erb:6
  Rendered recipes/index.html.erb within layouts/application (Duration: 5.9ms | Allocations: 961)
  Rendered layouts/_navbar.html.erb (Duration: 0.1ms | Allocations: 10)
  Rendered layout layouts/application.html.erb (Duration: 10.1ms | Allocations: 1683)
Completed 200 OK in 13ms (Views: 11.8ms | ActiveRecord: 0.4ms | Allocations: 2027)


Started GET "/" for 127.0.0.1 at 2022-11-15 15:07:03 -0500
Processing by RecipesController#index as HTML
  Rendering layout layouts/application.html.erb
  Rendering recipes/index.html.erb within layouts/application
  [1m[36mRecipe Load (0.6ms)[0m  [1m[34mSELECT "recipes".* FROM "recipes"[0m
  ↳ app/views/recipes/index.html.erb:6
  Rendered recipes/index.html.erb within layouts/application (Duration: 9.6ms | Allocations: 1242)
  Rendered layouts/_navbar.html.erb (Duration: 76.8ms | Allocations: 12036)
  Rendered layout layouts/application.html.erb (Duration: 90.9ms | Allocations: 14365)
Completed 500 Internal Server Error in 97ms (ActiveRecord: 0.6ms | Allocations: 15270)


  
ActionView::Template::Error (undefined local variable or method `public_recipes_path' for #<ActionView::Base:0x0000000000de80>

            <li>'.freeze;@output_buffer.append=( link_to "Public Recipes", public_recipes_path , class:"dropdown-item" );@output_buffer.safe_append='</li>
                                                                           ^^^^^^^^^^^^^^^^^^^
Did you mean?  public_compute_asset_path):
    25:           <ul class="dropdown-menu">
    26:             <li><%= link_to "New Recipe" , "/recipes/new", class: "dropdown-item" %></li>
    27:             <li><%= link_to "All Recipes", recipes_path , class:"dropdown-item" %></li>
    28:             <li><%= link_to "Public Recipes", public_recipes_path , class:"dropdown-item" %></li>
    29:           </ul>
    30:         </li>
    31:       </ul>
  
app/views/layouts/_navbar.html.erb:28
app/views/layouts/application.html.erb:14
Started GET "/" for 127.0.0.1 at 2022-11-15 15:07:23 -0500
Processing by RecipesController#index as HTML
  Rendering layout layouts/application.html.erb
  Rendering recipes/index.html.erb within layouts/application
  [1m[36mRecipe Load (0.5ms)[0m  [1m[34mSELECT "recipes".* FROM "recipes"[0m
  ↳ app/views/recipes/index.html.erb:6
  Rendered recipes/index.html.erb within layouts/application (Duration: 5.0ms | Allocations: 1243)
  [1m[36mUser Load (1.0ms)[0m  [1m[34mSELECT "users".* FROM "users" WHERE "users"."id" = $1 ORDER BY "users"."id" ASC LIMIT $2[0m  [["id", 1], ["LIMIT", 1]]
  ↳ app/views/layouts/_navbar.html.erb:31
  Rendered layouts/_navbar.html.erb (Duration: 61.3ms | Allocations: 11413)
  Rendered layout layouts/application.html.erb (Duration: 75.2ms | Allocations: 13738)
Completed 500 Internal Server Error in 80ms (ActiveRecord: 13.0ms | Allocations: 14627)


  
ActionView::Template::Error (undefined method `capitalize' for nil:NilClass

@output_buffer.safe_append='      <h2 class="navbar-brand name">'.freeze;@output_buffer.append=( current_user.name.capitalize );@output_buffer.safe_append='</h2>
                                                                                                                  ^^^^^^^^^^^):
    29:         </li>
    30:       </ul>
    31:       <% if user_signed_in? %>
    32:       <h2 class="navbar-brand name"><%= current_user.name.capitalize %></h2>
    33:       <%end%>
    34:     </div>
    35:   </div>
  
app/views/layouts/_navbar.html.erb:32
app/views/layouts/application.html.erb:14
Started GET "/" for 127.0.0.1 at 2022-11-15 15:11:58 -0500
Processing by RecipesController#index as HTML
  Rendering layout layouts/application.html.erb
  Rendering recipes/index.html.erb within layouts/application
  [1m[36mRecipe Load (0.5ms)[0m  [1m[34mSELECT "recipes".* FROM "recipes"[0m
  ↳ app/views/recipes/index.html.erb:6
  Rendered recipes/index.html.erb within layouts/application (Duration: 6.8ms | Allocations: 1234)
  [1m[36mUser Load (1.0ms)[0m  [1m[34mSELECT "users".* FROM "users" WHERE "users"."id" = $1 ORDER BY "users"."id" ASC LIMIT $2[0m  [["id", 1], ["LIMIT", 1]]
  ↳ app/views/layouts/_navbar.html.erb:31
  Rendered layouts/_navbar.html.erb (Duration: 7.4ms | Allocations: 1375)
  Rendered layout layouts/application.html.erb (Duration: 21.6ms | Allocations: 3691)
Completed 200 OK in 28ms (Views: 23.8ms | ActiveRecord: 1.5ms | Allocations: 4579)


Started GET "/recipes/new" for 127.0.0.1 at 2022-11-15 15:12:35 -0500
Processing by RecipesController#new as HTML
  Rendering layout layouts/application.html.erb
  Rendering recipes/new.html.erb within layouts/application
  Rendered recipes/_form.html.erb (Duration: 40.4ms | Allocations: 11480)
  Rendered recipes/new.html.erb within layouts/application (Duration: 43.3ms | Allocations: 11781)
  [1m[36mUser Load (0.7ms)[0m  [1m[34mSELECT "users".* FROM "users" WHERE "users"."id" = $1 ORDER BY "users"."id" ASC LIMIT $2[0m  [["id", 1], ["LIMIT", 1]]
  ↳ app/views/layouts/_navbar.html.erb:31
  Rendered layouts/_navbar.html.erb (Duration: 5.8ms | Allocations: 1155)
  Rendered layout layouts/application.html.erb (Duration: 53.8ms | Allocations: 13667)
Completed 200 OK in 87ms (Views: 57.2ms | ActiveRecord: 8.4ms | Allocations: 18017)


Started GET "/foods" for 127.0.0.1 at 2022-11-15 15:12:59 -0500
Processing by FoodsController#index as HTML
  [1m[36mUser Load (7.9ms)[0m  [1m[34mSELECT "users".* FROM "users" WHERE "users"."id" = $1 ORDER BY "users"."id" ASC LIMIT $2[0m  [["id", 1], ["LIMIT", 1]]
  ↳ app/controllers/foods_controller.rb:8:in `index'
  Rendering layout layouts/application.html.erb
  Rendering foods/index.html.erb within layouts/application
  Rendered foods/_food.html.erb (Duration: 3.2ms | Allocations: 1287)
  Rendered foods/index.html.erb within layouts/application (Duration: 5.8ms | Allocations: 1796)
  Rendered layout layouts/application.html.erb (Duration: 6.3ms | Allocations: 1883)
Completed 500 Internal Server Error in 48ms (ActiveRecord: 7.9ms | Allocations: 6448)


  
ActionView::SyntaxErrorInTemplate (Encountered a syntax error while rendering template: check <div class="table_div">
<table class="table">
<thead>
<tr>
  <th scope="col">Food</th>
  <th scope="col">Measurement Unit</th>
  <th scope="col">Unit price</th>
  <th scope="col">Action</th>
</tr>
</thead>
<tbody>
<%= @foods.each do |food| %>
<tr>
  <td><%= food.name %> </td>
  <td><%= food.measurement %> </td>
  <td><%= food.price %> </td>
  <td>
  <ul class="link">
  <li><%= link_to "Show this food", food , class:"Btn btn-primary"%></li>
  <li><%= link_to "Delete" food, method :delete  class:"Btn delete_btn" %></li>
  </ul>
  </td>
</tr>
</tbody>
<%end%>
</table>
</div>



):
1:    <div class="table_div">
2:    <table class="table">
3:    <thead>
4:    <tr>
5:      <th scope="col">Food</th>
6:      <th scope="col">Measurement Unit</th>
7:      <th scope="col">Unit price</th>
8:      <th scope="col">Action</th>
9:    </tr>
10:    </thead>
11:    <tbody>
12:    <%= @foods.each do |food| %>
13:    <tr>
14:      <td><%= food.name %> </td>
15:      <td><%= food.measurement %> </td>
16:      <td><%= food.price %> </td>
17:      <td>
18:      <ul class="link">
19:      <li><%= link_to "Show this food", food , class:"Btn btn-primary"%></li>
20:      <li><%= link_to "Delete" food, method :delete  class:"Btn delete_btn" %></li>
21:      </ul>
22:      </td>
23:    </tr>
24:    </tbody>
25:    <%end%>
26:    </table>
27:    </div>
  
app/views/foods/_food.html.erb:20: syntax error, unexpected local variable or method, expecting ')'
app/views/foods/_food.html.erb:20: syntax error, unexpected symbol literal, expecting `do' or '{' or '('
app/views/foods/_food.html.erb:20: syntax error, unexpected ')', expecting '.' or &. or :: or '['
app/views/foods/_food.html.erb:25: syntax error, unexpected `end', expecting ')'
app/views/foods/_food.html.erb:32: syntax error, unexpected `end', expecting ')'
app/views/foods/_food.html.erb:20: syntax error, unexpected local variable or method, expecting ')'
app/views/foods/_food.html.erb:20: syntax error, unexpected symbol literal, expecting `do' or '{' or '('
app/views/foods/_food.html.erb:20: syntax error, unexpected ')', expecting '.' or &. or :: or '['
app/views/foods/_food.html.erb:25: syntax error, unexpected `end', expecting ')'
app/views/foods/_food.html.erb:32: syntax error, unexpected `end', expecting ')'
app/views/foods/_food.html.erb:20: syntax error, unexpected local variable or method, expecting ')'
app/views/foods/_food.html.erb:20: syntax error, unexpected symbol literal, expecting `do' or '{' or '('
app/views/foods/_food.html.erb:20: syntax error, unexpected ')', expecting '.' or &. or :: or '['
app/views/foods/_food.html.erb:25: syntax error, unexpected `end', expecting ')'
app/views/foods/_food.html.erb:32: syntax error, unexpected `end', expecting ')'
app/views/foods/_food.html.erb:20: syntax error, unexpected local variable or method, expecting ')'
app/views/foods/_food.html.erb:20: syntax error, unexpected symbol literal, expecting `do' or '{' or '('
app/views/foods/_food.html.erb:20: syntax error, unexpected ')', expecting '.' or &. or :: or '['
app/views/foods/_food.html.erb:25: syntax error, unexpected `end', expecting ')'
app/views/foods/_food.html.erb:32: syntax error, unexpected `end', expecting ')'
app/views/foods/_food.html.erb:20: syntax error, unexpected local variable or method, expecting ')'
app/views/foods/_food.html.erb:20: syntax error, unexpected symbol literal, expecting `do' or '{' or '('
app/views/foods/_food.html.erb:20: syntax error, unexpected ')', expecting '.' or &. or :: or '['
app/views/foods/_food.html.erb:25: syntax error, unexpected `end', expecting ')'
app/views/foods/_food.html.erb:32: syntax error, unexpected `end', expecting ')'
app/views/foods/_food.html.erb:20: syntax error, unexpected local variable or method, expecting ')'
app/views/foods/_food.html.erb:20: syntax error, unexpected symbol literal, expecting `do' or '{' or '('
app/views/foods/_food.html.erb:20: syntax error, unexpected ')', expecting '.' or &. or :: or '['
app/views/foods/_food.html.erb:25: syntax error, unexpected `end', expecting ')'
app/views/foods/_food.html.erb:32: syntax error, unexpected `end', expecting ')'
app/views/foods/index.html.erb:11
Started GET "/foods" for 127.0.0.1 at 2022-11-15 15:16:00 -0500
Processing by FoodsController#index as HTML
  [1m[36mUser Load (0.6ms)[0m  [1m[34mSELECT "users".* FROM "users" WHERE "users"."id" = $1 ORDER BY "users"."id" ASC LIMIT $2[0m  [["id", 1], ["LIMIT", 1]]
  ↳ app/controllers/foods_controller.rb:8:in `index'
  Rendering layout layouts/application.html.erb
  Rendering foods/index.html.erb within layouts/application
  Rendered foods/_food.html.erb (Duration: 1.8ms | Allocations: 1352)
  Rendered foods/index.html.erb within layouts/application (Duration: 4.5ms | Allocations: 1832)
  Rendered layout layouts/application.html.erb (Duration: 5.0ms | Allocations: 1918)
Completed 500 Internal Server Error in 16ms (ActiveRecord: 0.6ms | Allocations: 3880)


  
ActionView::SyntaxErrorInTemplate (Encountered a syntax error while rendering template: check <div class="table_div">
<table class="table">
<thead>
<tr>
  <th scope="col">Food</th>
  <th scope="col">Measurement Unit</th>
  <th scope="col">Unit price</th>
  <th scope="col">Action</th>
</tr>
</thead>
<tbody>
<%= @foods.each do |food| %>
<tr>
  <td><%= food.name %> </td>
  <td><%= food.measurement %> </td>
  <td><%= food.price %> </td>
  <td>
  <ul class="link">
  <li><%= link_to "Show this food", food , class:"Btn btn-primary"%></li>
  <li><%= link_to "Delete" food, method: :delete  class:"Btn delete_btn" %></li>
  </ul>
  </td>
</tr>
</tbody>
<%end%>
</table>
</div>



):
1:    <div class="table_div">
2:    <table class="table">
3:    <thead>
4:    <tr>
5:      <th scope="col">Food</th>
6:      <th scope="col">Measurement Unit</th>
7:      <th scope="col">Unit price</th>
8:      <th scope="col">Action</th>
9:    </tr>
10:    </thead>
11:    <tbody>
12:    <%= @foods.each do |food| %>
13:    <tr>
14:      <td><%= food.name %> </td>
15:      <td><%= food.measurement %> </td>
16:      <td><%= food.price %> </td>
17:      <td>
18:      <ul class="link">
19:      <li><%= link_to "Show this food", food , class:"Btn btn-primary"%></li>
20:      <li><%= link_to "Delete" food, method: :delete  class:"Btn delete_btn" %></li>
21:      </ul>
22:      </td>
23:    </tr>
24:    </tbody>
25:    <%end%>
26:    </table>
27:    </div>
  
app/views/foods/_food.html.erb:20: syntax error, unexpected local variable or method, expecting ')'
app/views/foods/_food.html.erb:20: syntax error, unexpected ')', expecting '.' or &. or :: or '['
app/views/foods/_food.html.erb:25: syntax error, unexpected `end', expecting ')'
app/views/foods/_food.html.erb:32: syntax error, unexpected `end', expecting ')'
app/views/foods/_food.html.erb:20: syntax error, unexpected local variable or method, expecting ')'
app/views/foods/_food.html.erb:20: syntax error, unexpected ')', expecting '.' or &. or :: or '['
app/views/foods/_food.html.erb:25: syntax error, unexpected `end', expecting ')'
app/views/foods/_food.html.erb:32: syntax error, unexpected `end', expecting ')'
app/views/foods/_food.html.erb:20: syntax error, unexpected local variable or method, expecting ')'
app/views/foods/_food.html.erb:20: syntax error, unexpected ')', expecting '.' or &. or :: or '['
app/views/foods/_food.html.erb:25: syntax error, unexpected `end', expecting ')'
app/views/foods/_food.html.erb:32: syntax error, unexpected `end', expecting ')'
app/views/foods/_food.html.erb:20: syntax error, unexpected local variable or method, expecting ')'
app/views/foods/_food.html.erb:20: syntax error, unexpected ')', expecting '.' or &. or :: or '['
app/views/foods/_food.html.erb:25: syntax error, unexpected `end', expecting ')'
app/views/foods/_food.html.erb:32: syntax error, unexpected `end', expecting ')'
app/views/foods/_food.html.erb:20: syntax error, unexpected local variable or method, expecting ')'
app/views/foods/_food.html.erb:20: syntax error, unexpected ')', expecting '.' or &. or :: or '['
app/views/foods/_food.html.erb:25: syntax error, unexpected `end', expecting ')'
app/views/foods/_food.html.erb:32: syntax error, unexpected `end', expecting ')'
app/views/foods/_food.html.erb:20: syntax error, unexpected local variable or method, expecting ')'
app/views/foods/_food.html.erb:20: syntax error, unexpected ')', expecting '.' or &. or :: or '['
app/views/foods/_food.html.erb:25: syntax error, unexpected `end', expecting ')'
app/views/foods/_food.html.erb:32: syntax error, unexpected `end', expecting ')'
app/views/foods/index.html.erb:11
Started GET "/foods" for 127.0.0.1 at 2022-11-15 15:17:25 -0500
Processing by FoodsController#index as HTML
  [1m[36mUser Load (0.7ms)[0m  [1m[34mSELECT "users".* FROM "users" WHERE "users"."id" = $1 ORDER BY "users"."id" ASC LIMIT $2[0m  [["id", 1], ["LIMIT", 1]]
  ↳ app/controllers/foods_controller.rb:8:in `index'
  Rendering layout layouts/application.html.erb
  Rendering foods/index.html.erb within layouts/application
  Rendered foods/_food.html.erb (Duration: 2.9ms | Allocations: 1352)
  Rendered foods/index.html.erb within layouts/application (Duration: 8.2ms | Allocations: 1832)
  Rendered layout layouts/application.html.erb (Duration: 12.0ms | Allocations: 1918)
Completed 500 Internal Server Error in 23ms (ActiveRecord: 0.7ms | Allocations: 3879)


  
ActionView::SyntaxErrorInTemplate (Encountered a syntax error while rendering template: check <div class="table_div">
<table class="table">
<thead>
<tr>
  <th scope="col">Food</th>
  <th scope="col">Measurement Unit</th>
  <th scope="col">Unit price</th>
  <th scope="col">Action</th>
</tr>
</thead>
<tbody>
<%= @foods.each do |food| %>
<tr>
  <td><%= food.name %> </td>
  <td><%= food.measurement %> </td>
  <td><%= food.price %> </td>
  <td>
  <ul class="link">
  <li><%= link_to "Show this food", food , class:"Btn btn-primary"%></li>
  <li><%= link_to "Delete" food, method: :delete,  class:"Btn delete_btn" %></li>
  </ul>
  </td>
</tr>
</tbody>
<%end%>
</table>
</div>



):
1:    <div class="table_div">
2:    <table class="table">
3:    <thead>
4:    <tr>
5:      <th scope="col">Food</th>
6:      <th scope="col">Measurement Unit</th>
7:      <th scope="col">Unit price</th>
8:      <th scope="col">Action</th>
9:    </tr>
10:    </thead>
11:    <tbody>
12:    <%= @foods.each do |food| %>
13:    <tr>
14:      <td><%= food.name %> </td>
15:      <td><%= food.measurement %> </td>
16:      <td><%= food.price %> </td>
17:      <td>
18:      <ul class="link">
19:      <li><%= link_to "Show this food", food , class:"Btn btn-primary"%></li>
20:      <li><%= link_to "Delete" food, method: :delete,  class:"Btn delete_btn" %></li>
21:      </ul>
22:      </td>
23:    </tr>
24:    </tbody>
25:    <%end%>
26:    </table>
27:    </div>
  
app/views/foods/_food.html.erb:20: syntax error, unexpected local variable or method, expecting ')'
app/views/foods/_food.html.erb:20: syntax error, unexpected local variable or method, expecting ')'
app/views/foods/_food.html.erb:20: syntax error, unexpected local variable or method, expecting ')'
app/views/foods/_food.html.erb:20: syntax error, unexpected local variable or method, expecting ')'
app/views/foods/_food.html.erb:20: syntax error, unexpected local variable or method, expecting ')'
app/views/foods/_food.html.erb:20: syntax error, unexpected local variable or method, expecting ')'
app/views/foods/index.html.erb:11
Started GET "/foods" for 127.0.0.1 at 2022-11-15 15:19:42 -0500
Processing by FoodsController#index as HTML
  [1m[36mUser Load (0.6ms)[0m  [1m[34mSELECT "users".* FROM "users" WHERE "users"."id" = $1 ORDER BY "users"."id" ASC LIMIT $2[0m  [["id", 1], ["LIMIT", 1]]
  ↳ app/controllers/foods_controller.rb:8:in `index'
  Rendering layout layouts/application.html.erb
  Rendering foods/index.html.erb within layouts/application
  Rendered foods/_food.html.erb (Duration: 2.5ms | Allocations: 1353)
  Rendered foods/index.html.erb within layouts/application (Duration: 4.5ms | Allocations: 1833)
  Rendered layout layouts/application.html.erb (Duration: 4.8ms | Allocations: 1919)
Completed 500 Internal Server Error in 21ms (ActiveRecord: 0.6ms | Allocations: 3880)


  
ActionView::SyntaxErrorInTemplate (Encountered a syntax error while rendering template: check <div class="table_div">
<table class="table">
<thead>
<tr>
  <th scope="col">Food</th>
  <th scope="col">Measurement Unit</th>
  <th scope="col">Unit price</th>
  <th scope="col">Action</th>
</tr>
</thead>
<tbody>
<%= @foods.each do |food| %>
<tr>
  <td><%= food.name %> </td>
  <td><%= food.measurement %> </td>
  <td><%= food.price %> </td>
  <td>
  <ul class="link">
  <li><%= link_to "Show this food", food , class:"Btn btn-primary"%></li>
  <li><%= link_to "Delete" food, method: :delete,  class: "m-2 btn btn-danger" %></li>
  </ul>
  </td>
</tr>
</tbody>
<%end%>
</table>
</div>



):
1:    <div class="table_div">
2:    <table class="table">
3:    <thead>
4:    <tr>
5:      <th scope="col">Food</th>
6:      <th scope="col">Measurement Unit</th>
7:      <th scope="col">Unit price</th>
8:      <th scope="col">Action</th>
9:    </tr>
10:    </thead>
11:    <tbody>
12:    <%= @foods.each do |food| %>
13:    <tr>
14:      <td><%= food.name %> </td>
15:      <td><%= food.measurement %> </td>
16:      <td><%= food.price %> </td>
17:      <td>
18:      <ul class="link">
19:      <li><%= link_to "Show this food", food , class:"Btn btn-primary"%></li>
20:      <li><%= link_to "Delete" food, method: :delete,  class: "m-2 btn btn-danger" %></li>
21:      </ul>
22:      </td>
23:    </tr>
24:    </tbody>
25:    <%end%>
26:    </table>
27:    </div>
  
app/views/foods/_food.html.erb:20: syntax error, unexpected local variable or method, expecting ')'
app/views/foods/_food.html.erb:20: syntax error, unexpected local variable or method, expecting ')'
app/views/foods/_food.html.erb:20: syntax error, unexpected local variable or method, expecting ')'
app/views/foods/_food.html.erb:20: syntax error, unexpected local variable or method, expecting ')'
app/views/foods/_food.html.erb:20: syntax error, unexpected local variable or method, expecting ')'
app/views/foods/_food.html.erb:20: syntax error, unexpected local variable or method, expecting ')'
app/views/foods/index.html.erb:11
Started GET "/foods" for 127.0.0.1 at 2022-11-15 15:20:23 -0500
Processing by FoodsController#index as HTML
  [1m[36mUser Load (0.9ms)[0m  [1m[34mSELECT "users".* FROM "users" WHERE "users"."id" = $1 ORDER BY "users"."id" ASC LIMIT $2[0m  [["id", 1], ["LIMIT", 1]]
  ↳ app/controllers/foods_controller.rb:8:in `index'
  Rendering layout layouts/application.html.erb
  Rendering foods/index.html.erb within layouts/application
  Rendered foods/_food.html.erb (Duration: 37.7ms | Allocations: 9903)
  Rendered foods/index.html.erb within layouts/application (Duration: 41.0ms | Allocations: 10389)
  Rendered layout layouts/application.html.erb (Duration: 41.5ms | Allocations: 10474)
Completed 500 Internal Server Error in 58ms (ActiveRecord: 2.9ms | Allocations: 12431)


  
ActionView::Template::Error (PG::UndefinedColumn: ERROR:  column foods.user_id does not exist
LINE 1: SELECT "foods".* FROM "foods" WHERE "foods"."user_id" = $1
                                            ^
):
     9: </tr>
    10: </thead>
    11: <tbody>
    12: <%= @foods.each do |food| %>
    13: <tr>
    14:   <td><%= food.name %> </td>
    15:   <td><%= food.measurement %> </td>
  
app/views/foods/_food.html.erb:12
app/views/foods/index.html.erb:11
Started GET "/foods" for 127.0.0.1 at 2022-11-15 15:20:47 -0500
Processing by FoodsController#index as HTML
  [1m[36mUser Load (0.6ms)[0m  [1m[34mSELECT "users".* FROM "users" WHERE "users"."id" = $1 ORDER BY "users"."id" ASC LIMIT $2[0m  [["id", 1], ["LIMIT", 1]]
  ↳ app/controllers/foods_controller.rb:8:in `index'
  Rendering layout layouts/application.html.erb
  Rendering foods/index.html.erb within layouts/application
  Rendered foods/_food.html.erb (Duration: 6.8ms | Allocations: 2125)
  Rendered foods/index.html.erb within layouts/application (Duration: 10.0ms | Allocations: 2605)
  Rendered layout layouts/application.html.erb (Duration: 10.8ms | Allocations: 2690)
Completed 500 Internal Server Error in 30ms (ActiveRecord: 0.6ms | Allocations: 4578)


  
ActionView::Template::Error (undefined method `each' for nil:NilClass

'.freeze;@output_buffer.append=  @food.each do |food| @output_buffer.safe_append='
                                      ^^^^^):
     9: </tr>
    10: </thead>
    11: <tbody>
    12: <%= @food.each do |food| %>
    13: <tr>
    14:   <td><%= food.name %> </td>
    15:   <td><%= food.measurement %> </td>
  
app/views/foods/_food.html.erb:12
app/views/foods/index.html.erb:11
  [1m[36mUser Load (1.3ms)[0m  [1m[34mSELECT "users".* FROM "users"[0m
Started GET "/" for 127.0.0.1 at 2022-11-15 15:58:16 -0500
  [1m[36mActiveRecord::SchemaMigration Pluck (1.4ms)[0m  [1m[34mSELECT "schema_migrations"."version" FROM "schema_migrations" ORDER BY "schema_migrations"."version" ASC[0m
Processing by RecipesController#index as HTML
  Rendering layout layouts/application.html.erb
  Rendering recipes/index.html.erb within layouts/application
  [1m[36mRecipe Load (0.8ms)[0m  [1m[34mSELECT "recipes".* FROM "recipes"[0m
  ↳ app/views/recipes/index.html.erb:6
  Rendered recipes/index.html.erb within layouts/application (Duration: 21.5ms | Allocations: 1893)
  [1m[36mUser Load (0.8ms)[0m  [1m[34mSELECT "users".* FROM "users" WHERE "users"."id" = $1 ORDER BY "users"."id" ASC LIMIT $2[0m  [["id", 1], ["LIMIT", 1]]
  ↳ app/views/layouts/_navbar.html.erb:31
  Rendered layouts/_navbar.html.erb (Duration: 58.3ms | Allocations: 9429)
  Rendered layout layouts/application.html.erb (Duration: 87.5ms | Allocations: 14047)
Completed 200 OK in 121ms (Views: 75.0ms | ActiveRecord: 18.2ms | Allocations: 19089)


Started GET "/" for 127.0.0.1 at 2022-11-15 15:59:43 -0500
Processing by RecipesController#index as HTML
  Rendering layout layouts/application.html.erb
  Rendering recipes/index.html.erb within layouts/application
  [1m[36mRecipe Load (5.3ms)[0m  [1m[34mSELECT "recipes".* FROM "recipes"[0m
  ↳ app/views/recipes/index.html.erb:6
  Rendered recipes/index.html.erb within layouts/application (Duration: 11.4ms | Allocations: 1222)
  [1m[36mUser Load (0.4ms)[0m  [1m[34mSELECT "users".* FROM "users" WHERE "users"."id" = $1 ORDER BY "users"."id" ASC LIMIT $2[0m  [["id", 1], ["LIMIT", 1]]
  ↳ app/views/layouts/_navbar.html.erb:31
  Rendered layouts/_navbar.html.erb (Duration: 7.1ms | Allocations: 1377)
  Rendered layout layouts/application.html.erb (Duration: 24.3ms | Allocations: 3682)
Completed 200 OK in 30ms (Views: 21.6ms | ActiveRecord: 5.7ms | Allocations: 4622)


Started GET "/" for 127.0.0.1 at 2022-11-15 15:59:47 -0500
Processing by RecipesController#index as HTML
  Rendering layout layouts/application.html.erb
  Rendering recipes/index.html.erb within layouts/application
  [1m[36mRecipe Load (0.7ms)[0m  [1m[34mSELECT "recipes".* FROM "recipes"[0m
  ↳ app/views/recipes/index.html.erb:6
  Rendered recipes/index.html.erb within layouts/application (Duration: 4.4ms | Allocations: 778)
  [1m[36mUser Load (8.3ms)[0m  [1m[34mSELECT "users".* FROM "users" WHERE "users"."id" = $1 ORDER BY "users"."id" ASC LIMIT $2[0m  [["id", 1], ["LIMIT", 1]]
  ↳ app/views/layouts/_navbar.html.erb:31
  Rendered layouts/_navbar.html.erb (Duration: 13.2ms | Allocations: 991)
  Rendered layout layouts/application.html.erb (Duration: 21.4ms | Allocations: 2439)
Completed 200 OK in 23ms (Views: 13.5ms | ActiveRecord: 9.0ms | Allocations: 2731)


Started GET "/recipes/new" for 127.0.0.1 at 2022-11-15 15:59:55 -0500
Processing by RecipesController#new as HTML
  Rendering layout layouts/application.html.erb
  Rendering recipes/new.html.erb within layouts/application
  Rendered recipes/_form.html.erb (Duration: 40.0ms | Allocations: 11482)
  Rendered recipes/new.html.erb within layouts/application (Duration: 44.7ms | Allocations: 11784)
  [1m[36mUser Load (0.5ms)[0m  [1m[34mSELECT "users".* FROM "users" WHERE "users"."id" = $1 ORDER BY "users"."id" ASC LIMIT $2[0m  [["id", 1], ["LIMIT", 1]]
  ↳ app/views/layouts/_navbar.html.erb:31
  Rendered layouts/_navbar.html.erb (Duration: 6.6ms | Allocations: 1160)
  Rendered layout layouts/application.html.erb (Duration: 59.2ms | Allocations: 13675)
Completed 200 OK in 87ms (Views: 61.5ms | ActiveRecord: 4.9ms | Allocations: 17960)


Started POST "/recipes" for 127.0.0.1 at 2022-11-15 16:00:24 -0500
Processing by RecipesController#create as HTML
  Parameters: {"authenticity_token"=>"[FILTERED]", "recipe"=>{"name"=>"Fried RIce", "preparation_time"=>"16:01", "cooking_time"=>"17:00", "description"=>"hello", "public"=>"1"}, "commit"=>"Create Recipe"}
  [1m[36mUser Load (1.2ms)[0m  [1m[34mSELECT "users".* FROM "users" WHERE "users"."id" = $1 ORDER BY "users"."id" ASC LIMIT $2[0m  [["id", 1], ["LIMIT", 1]]
  ↳ app/controllers/recipes_controller.rb:24:in `create'
Completed 500 Internal Server Error in 28ms (ActiveRecord: 1.2ms | Allocations: 5543)


  
NameError (undefined local variable or method `user' for #<RecipesController:0x0000000000e038>

    @recipe.user = user
                   ^^^^
Did you mean?  @user):
  
app/controllers/recipes_controller.rb:26:in `create'
Started POST "/recipes" for 127.0.0.1 at 2022-11-15 16:01:48 -0500
Processing by RecipesController#create as HTML
  Parameters: {"authenticity_token"=>"[FILTERED]", "recipe"=>{"name"=>"Fried RIce", "preparation_time"=>"16:01", "cooking_time"=>"17:00", "description"=>"hello", "public"=>"1"}, "commit"=>"Create Recipe"}
Completed 500 Internal Server Error in 68ms (ActiveRecord: 10.6ms | Allocations: 12171)


  
NoMethodError (undefined method `desciption' for #<Recipe id: nil, name: "Fried RIce", preparation_time: "2000-01-01 16:01:00.000000000 +0000", cooking_time: "2000-01-01 17:00:00.000000000 +0000", description: "hello", public: true, created_at: nil, updated_at: nil>
Did you mean?  description
               description?
               description=):
  
app/controllers/recipes_controller.rb:27:in `block in create'
app/controllers/recipes_controller.rb:26:in `create'
